<?xml version='1.0' encoding='UTF-8'?>
<testsuite hostname="knoldus-Vostro-15-3568" name="com.knoldus.calculatorImplementation.StartCalculatorTest" tests="15" errors="0" failures="0" skipped="0" time="0.068" timestamp="2021-03-12T00:02:46">
                     <properties>
      <property name="awt.toolkit" value="sun.awt.X11.XToolkit"/><property name="java.specification.version" value="11"/><property name="sun.cpu.isalist" value=""/><property name="sun.jnu.encoding" value="UTF-8"/><property name="sun.arch.data.model" value="64"/><property name="java.vendor.url" value="https://ubuntu.com/"/><property name="sun.boot.library.path" value="/usr/lib/jvm/java-11-openjdk-amd64/lib"/><property name="sun.java.command" value="/usr/share/sbt/bin/sbt-launch.jar clean coverage test coverageReport"/><property name="jdk.debug" value="release"/><property name="java.specification.vendor" value="Oracle Corporation"/><property name="java.version.date" value="2021-01-19"/><property name="java.home" value="/usr/lib/jvm/java-11-openjdk-amd64"/><property name="file.separator" value="/"/><property name="java.vm.compressedOopsMode" value="32-bit"/><property name="line.separator" value="
"/><property name="java.specification.name" value="Java Platform API Specification"/><property name="java.vm.specification.vendor" value="Oracle Corporation"/><property name="sun.management.compiler" value="HotSpot 64-Bit Tiered Compilers"/><property name="java.runtime.version" value="11.0.10+9-Ubuntu-0ubuntu1.20.04"/><property name="user.name" value="knoldus"/><property name="log4j.ignoreTCL" value="true"/><property name="file.encoding" value="UTF-8"/><property name="jnidispatch.path" value="/home/knoldus/.cache/JNA/temp/jna15529751472886649509.tmp"/><property name="jna.loaded" value="true"/><property name="java.io.tmpdir" value="/tmp"/><property name="java.version" value="11.0.10"/><property name="java.vm.specification.name" value="Java Virtual Machine Specification"/><property name="java.awt.printerjob" value="sun.print.PSPrinterJob"/><property name="sun.os.patch.level" value="unknown"/><property name="java.library.path" value="/usr/java/packages/lib:/usr/lib/x86_64-linux-gnu/jni:/lib/x86_64-linux-gnu:/usr/lib/x86_64-linux-gnu:/usr/lib/jni:/lib:/usr/lib"/><property name="java.vendor" value="Ubuntu"/><property name="scala.ext.dirs" value="/home/knoldus/.sbt/0.13/java9-rt-ext-ubuntu_11_0_10"/><property name="sun.io.unicode.encoding" value="UnicodeLittle"/><property name="sun.desktop" value="gnome"/><property name="java.class.path" value="/usr/share/sbt/bin/sbt-launch.jar"/><property name="java.vm.vendor" value="Ubuntu"/><property name="jline.shutdownhook" value="false"/><property name="user.timezone" value="Asia/Kolkata"/><property name="os.name" value="Linux"/><property name="java.vm.specification.version" value="11"/><property name="sun.java.launcher" value="SUN_STANDARD"/><property name="user.country" value="IN"/><property name="sun.cpu.endian" value="little"/><property name="user.home" value="/home/knoldus"/><property name="user.language" value="en"/><property name="swoval.tmpdir" value="/home/knoldus/.sbt/1.0"/><property name="java.awt.graphicsenv" value="sun.awt.X11GraphicsEnvironment"/><property name="jline.esc.timeout" value="0"/><property name="path.separator" value=":"/><property name="os.version" value="5.8.0-44-generic"/><property name="jna.nosys" value="true"/><property name="java.runtime.name" value="OpenJDK Runtime Environment"/><property name="java.vm.name" value="OpenJDK 64-Bit Server VM"/><property name="jna.platform.library.path" value="/usr/lib/x86_64-linux-gnu:/lib/x86_64-linux-gnu:/usr/lib64:/lib64:/usr/lib:/lib"/><property name="java.vendor.url.bug" value="https://bugs.launchpad.net/ubuntu/+source/openjdk-lts"/><property name="user.dir" value="/home/knoldus/IdeaProjects/Calculator"/><property name="os.arch" value="amd64"/><property name="java.vm.info" value="mixed mode, sharing"/><property name="java.vm.version" value="11.0.10+9-Ubuntu-0ubuntu1.20.04"/><property name="java.class.version" value="55.0"/>
    </properties>
                     <testcase classname="com.knoldus.calculatorImplementation.StartCalculatorTest" name="StartCalculator should read input values" time="0.04">
                                                 
                                               </testcase><testcase classname="com.knoldus.calculatorImplementation.StartCalculatorTest" name="StartCalculator should subtract" time="0.001">
                                                 
                                               </testcase><testcase classname="com.knoldus.calculatorImplementation.StartCalculatorTest" name="StartCalculator should multiply" time="0.003">
                                                 
                                               </testcase><testcase classname="com.knoldus.calculatorImplementation.StartCalculatorTest" name="StartCalculator should divide" time="0.005">
                                                 
                                               </testcase><testcase classname="com.knoldus.calculatorImplementation.StartCalculatorTest" name="StartCalculator should not divide" time="0.001">
                                                 
                                               </testcase><testcase classname="com.knoldus.calculatorImplementation.StartCalculatorTest" name="StartCalculator should give power of the value" time="0.004">
                                                 
                                               </testcase><testcase classname="com.knoldus.calculatorImplementation.StartCalculatorTest" name="StartCalculator should give absolute number" time="0.007">
                                                 
                                               </testcase><testcase classname="com.knoldus.calculatorImplementation.StartCalculatorTest" name="StartCalculator should gives the remainder value" time="0.001">
                                                 
                                               </testcase><testcase classname="com.knoldus.calculatorImplementation.StartCalculatorTest" name="StartCalculator should not gives the remainder value" time="0.001">
                                                 
                                               </testcase><testcase classname="com.knoldus.calculatorImplementation.StartCalculatorTest" name="StartCalculator should give maximum value" time="0.003">
                                                 
                                               </testcase><testcase classname="com.knoldus.calculatorImplementation.StartCalculatorTest" name="StartCalculator should give maximum value of" time="0.001">
                                                 
                                               </testcase><testcase classname="com.knoldus.calculatorImplementation.StartCalculatorTest" name="StartCalculator should give both are equal" time="0.001">
                                                 
                                               </testcase><testcase classname="com.knoldus.calculatorImplementation.StartCalculatorTest" name="StartCalculator should give minimum value" time="0.0">
                                                 
                                               </testcase><testcase classname="com.knoldus.calculatorImplementation.StartCalculatorTest" name="StartCalculator should give minimum value of" time="0.0">
                                                 
                                               </testcase><testcase classname="com.knoldus.calculatorImplementation.StartCalculatorTest" name="StartCalculator should give equal" time="0.0">
                                                 
                                               </testcase>
                     <system-out><![CDATA[]]></system-out>
                     <system-err><![CDATA[]]></system-err>
                   </testsuite>